Using pre-set license
Built from '2021.1/staging' branch; Version is '2021.1.11f1 (4d8c25f7477e) revision 5082149'; Using compiler version '192528614'; Build Type 'Release'
OS: 'Windows 10 Home; OS build 19042.1288; Version 2009; 64bit' Language: 'en' Physical Memory: 16319 MB
BatchMode: 1, IsHumanControllingUs: 0, StartBugReporterOnCrash: 0, Is64bit: 1, IsPro: 0

 COMMAND LINE ARGUMENTS:
D:\Install\Unity\Hub\Editor\2021.1\Unity.exe
-adb2
-batchMode
-noUpm
-name
AssetImportWorker0
-projectPath
D:/Karl/Projects/Repositories/Unity/Tower Defense
-logFile
Logs/AssetImportWorker0.log
-srvPort
58980
Successfully changed project path to: D:/Karl/Projects/Repositories/Unity/Tower Defense
D:/Karl/Projects/Repositories/Unity/Tower Defense
Using Asset Import Pipeline V2.
Refreshing native plugins compatible for Editor in 72.63 ms, found 2 plugins.
Preloading 0 native plugins for Editor in 0.00 ms.
Initialize engine version: 2021.1.11f1 (4d8c25f7477e)
[Subsystems] Discovering subsystems at path D:/Install/Unity/Hub/Editor/2021.1/Data/Resources/UnitySubsystems
[Subsystems] Discovering subsystems at path D:/Karl/Projects/Repositories/Unity/Tower Defense/Assets
GfxDevice: creating device client; threaded=0; jobified=0
Direct3D:
    Version:  Direct3D 11.0 [level 11.1]
    Renderer: NVIDIA GeForce GTX 1660 (ID=0x2184)
    Vendor:   NVIDIA
    VRAM:     5991 MB
    Driver:   27.21.14.6089
Shader 'Universal Render Pipeline/Particles/Lit': fallback shader 'Universal Render Pipeline/Particles/SimpleLit' not found
Initialize mono
Mono path[0] = 'D:/Install/Unity/Hub/Editor/2021.1/Data/Managed'
Mono path[1] = 'D:/Install/Unity/Hub/Editor/2021.1/Data/MonoBleedingEdge/lib/mono/unityjit'
Mono config path = 'D:/Install/Unity/Hub/Editor/2021.1/Data/MonoBleedingEdge/etc'
Using monoOptions --debugger-agent=transport=dt_socket,embedding=1,server=y,suspend=n,address=127.0.0.1:56456
Begin MonoManager ReloadAssembly
Registering precompiled unity dll's ...
Register platform support module: D:/Install/Unity/Hub/Editor/2021.1/Data/PlaybackEngines/WindowsStandaloneSupport/UnityEditor.WindowsStandalone.Extensions.dll
Registered in 0.001223 seconds.
Native extension for WindowsStandalone target not found
Refreshing native plugins compatible for Editor in 70.59 ms, found 2 plugins.
Preloading 0 native plugins for Editor in 0.00 ms.
Mono: successfully reloaded assembly
- Completed reload, in  1.454 seconds
Domain Reload Profiling:
	ReloadAssembly (1454ms)
		BeginReloadAssembly (68ms)
			ExecutionOrderSort (0ms)
			DisableScriptedObjects (0ms)
			BackupInstance (0ms)
			ReleaseScriptingObjects (0ms)
			CreateAndSetChildDomain (1ms)
		EndReloadAssembly (470ms)
			LoadAssemblies (68ms)
			RebuildTransferFunctionScriptingTraits (0ms)
			SetupTypeCache (175ms)
			ReleaseScriptCaches (0ms)
			RebuildScriptCaches (31ms)
			SetupLoadedEditorAssemblies (220ms)
				LogAssemblyErrors (0ms)
				InitializePlatformSupportModulesInManaged (6ms)
				SetLoadedEditorAssemblies (0ms)
				RefreshPlugins (71ms)
				BeforeProcessingInitializeOnLoad (1ms)
				ProcessInitializeOnLoadAttributes (108ms)
				ProcessInitializeOnLoadMethodAttributes (33ms)
				AfterProcessingInitializeOnLoad (0ms)
				EditorAssembliesLoaded (0ms)
			ExecutionOrderSort2 (0ms)
			AwakeInstancesAfterBackupRestoration (0ms)
Platform modules already initialized, skipping
Registering precompiled user dll's ...
Registered in 0.004889 seconds.
Begin MonoManager ReloadAssembly
Native extension for WindowsStandalone target not found
Refreshing native plugins compatible for Editor in 71.89 ms, found 2 plugins.
Preloading 0 native plugins for Editor in 0.00 ms.
Mono: successfully reloaded assembly
- Completed reload, in  1.326 seconds
Domain Reload Profiling:
	ReloadAssembly (1326ms)
		BeginReloadAssembly (168ms)
			ExecutionOrderSort (0ms)
			DisableScriptedObjects (5ms)
			BackupInstance (0ms)
			ReleaseScriptingObjects (0ms)
			CreateAndSetChildDomain (20ms)
		EndReloadAssembly (1100ms)
			LoadAssemblies (108ms)
			RebuildTransferFunctionScriptingTraits (0ms)
			SetupTypeCache (377ms)
			ReleaseScriptCaches (1ms)
			RebuildScriptCaches (80ms)
			SetupLoadedEditorAssemblies (445ms)
				LogAssemblyErrors (0ms)
				InitializePlatformSupportModulesInManaged (4ms)
				SetLoadedEditorAssemblies (0ms)
				RefreshPlugins (72ms)
				BeforeProcessingInitializeOnLoad (77ms)
				ProcessInitializeOnLoadAttributes (283ms)
				ProcessInitializeOnLoadMethodAttributes (7ms)
				AfterProcessingInitializeOnLoad (2ms)
				EditorAssembliesLoaded (0ms)
			ExecutionOrderSort2 (0ms)
			AwakeInstancesAfterBackupRestoration (7ms)
Platform modules already initialized, skipping
========================================================================
Worker process is ready to serve import requests
Shader 'Universal Render Pipeline/Particles/Lit': fallback shader 'Universal Render Pipeline/Particles/SimpleLit' not found
Launched and connected shader compiler UnityShaderCompiler.exe after 0.05 seconds
Refreshing native plugins compatible for Editor in 0.75 ms, found 2 plugins.
Preloading 0 native plugins for Editor in 0.00 ms.
Unloading 3587 Unused Serialized files (Serialized files now loaded: 0)
System memory in use before: 153.7 MB.
System memory in use after: 153.9 MB.

Unloading 20 unused Assets to reduce memory usage. Loaded Objects now: 4045.
Total: 2.597300 ms (FindLiveObjects: 0.250900 ms CreateObjectMapping: 0.166100 ms MarkObjects: 2.070500 ms  DeleteObjects: 0.108600 ms)

AssetImportParameters requested are different than current active one (requested -> active):
  custom:framework-win-MediaFoundation: 216162199b28c13a410421893ffa2e32 -> 
  custom:video-decoder-ogg-theora: a1e56fd34408186e4bbccfd4996cb3dc -> 
  custom:container-muxer-webm: aa71ff27fc2769a1b78a27578f13a17b -> 
  custom:container-demuxer-webm: 4f35f7cbe854078d1ac9338744f61a02 -> 
  custom:container-demuxer-ogg: 62fdf1f143b41e24485cea50d1cbac27 -> 
  custom:video-encoder-webm-vp8: eb34c28f22e8b96e1ab97ce403110664 -> 
  custom:video-decoder-webm-vp8: 9c59270c3fd7afecdb556c50c9e8de78 -> 
  custom:audio-decoder-ogg-vorbis: bf7c407c2cedff20999df2af8eb42d56 -> 
  custom:audio-encoder-webm-vorbis: bf7c407c2cedff20999df2af8eb42d56 -> 
========================================================================
Received Import Request.
  path: Assets/VFX/ProjectileTrail.vfx
  artifactKey: Guid(7f9daf09013f3ff44be8828e8ee363bc) Importer(815301076,1909f56bfc062723c751e8b465ee728b)
Start importing Assets/VFX/ProjectileTrail.vfx using Guid(7f9daf09013f3ff44be8828e8ee363bc) Importer(815301076,1909f56bfc062723c751e8b465ee728b)  -> (artifact id: 'dc0e3053765499d213dca156f0827f4b') in 0.078420 seconds 
========================================================================
Received Import Request.
  Time since last request: 37.533371 seconds.
  path: Assets/VFX/ProjectileTrail.vfx
  artifactKey: Guid(7f9daf09013f3ff44be8828e8ee363bc) Importer(815301076,1909f56bfc062723c751e8b465ee728b)
Start importing Assets/VFX/ProjectileTrail.vfx using Guid(7f9daf09013f3ff44be8828e8ee363bc) Importer(815301076,1909f56bfc062723c751e8b465ee728b)  -> (artifact id: '37db3a689d08061083f1e160ee218ea3') in 0.003978 seconds 
========================================================================
Received Import Request.
  Time since last request: 40.630718 seconds.
  path: Assets/VFX/ProjectileTrail.vfx
  artifactKey: Guid(7f9daf09013f3ff44be8828e8ee363bc) Importer(815301076,1909f56bfc062723c751e8b465ee728b)
Start importing Assets/VFX/ProjectileTrail.vfx using Guid(7f9daf09013f3ff44be8828e8ee363bc) Importer(815301076,1909f56bfc062723c751e8b465ee728b)  -> (artifact id: '6fcc3f353d2435e91ce83d94b59763bc') in 0.005646 seconds 
========================================================================
Received Import Request.
  Time since last request: 25.243608 seconds.
  path: Assets/VFX/ProjectileTrail.vfx
  artifactKey: Guid(7f9daf09013f3ff44be8828e8ee363bc) Importer(815301076,1909f56bfc062723c751e8b465ee728b)
Start importing Assets/VFX/ProjectileTrail.vfx using Guid(7f9daf09013f3ff44be8828e8ee363bc) Importer(815301076,1909f56bfc062723c751e8b465ee728b)  -> (artifact id: 'd9a7871799fbaec8a42181a9e9e86736') in 0.007085 seconds 
========================================================================
Received Import Request.
  Time since last request: 14.329656 seconds.
  path: Assets/VFX/New VFX.vfx
  artifactKey: Guid(2cc6c83eb0d0e1541bcfdfc4a632fbef) Importer(815301076,1909f56bfc062723c751e8b465ee728b)
Start importing Assets/VFX/New VFX.vfx using Guid(2cc6c83eb0d0e1541bcfdfc4a632fbef) Importer(815301076,1909f56bfc062723c751e8b465ee728b)  -> (artifact id: '9bff055018d4c4677b6f4098de162dc6') in 0.009210 seconds 
========================================================================
Received Import Request.
  Time since last request: 0.257668 seconds.
  path: Assets/VFX/New VFX.vfx
  artifactKey: Guid(2cc6c83eb0d0e1541bcfdfc4a632fbef) Importer(815301076,1909f56bfc062723c751e8b465ee728b)
Start importing Assets/VFX/New VFX.vfx using Guid(2cc6c83eb0d0e1541bcfdfc4a632fbef) Importer(815301076,1909f56bfc062723c751e8b465ee728b)  -> (artifact id: '6fd8e2bffd436fa2042215597e49deb1') in 0.004968 seconds 
========================================================================
Received Import Request.
  Time since last request: 9.623643 seconds.
  path: Assets/VFX/New VFX.vfx
  artifactKey: Guid(2cc6c83eb0d0e1541bcfdfc4a632fbef) Importer(815301076,1909f56bfc062723c751e8b465ee728b)
Start importing Assets/VFX/New VFX.vfx using Guid(2cc6c83eb0d0e1541bcfdfc4a632fbef) Importer(815301076,1909f56bfc062723c751e8b465ee728b)  -> (artifact id: '63591097cb921d73bb123e0a2679a8b3') in 0.005971 seconds 
========================================================================
Received Import Request.
  Time since last request: 18.711048 seconds.
  path: Assets/VFX/New VFX.vfx
  artifactKey: Guid(2cc6c83eb0d0e1541bcfdfc4a632fbef) Importer(815301076,1909f56bfc062723c751e8b465ee728b)
Start importing Assets/VFX/New VFX.vfx using Guid(2cc6c83eb0d0e1541bcfdfc4a632fbef) Importer(815301076,1909f56bfc062723c751e8b465ee728b)  -> (artifact id: '8127572fc59423ef7e652357f666f52c') in 0.005702 seconds 
========================================================================
Received Import Request.
  Time since last request: 4.683712 seconds.
  path: Assets/VFX/New VFX.vfx
  artifactKey: Guid(2cc6c83eb0d0e1541bcfdfc4a632fbef) Importer(815301076,1909f56bfc062723c751e8b465ee728b)
Start importing Assets/VFX/New VFX.vfx using Guid(2cc6c83eb0d0e1541bcfdfc4a632fbef) Importer(815301076,1909f56bfc062723c751e8b465ee728b)  -> (artifact id: '5e179f7840eea252b63996d028cd1fa8') in 0.002706 seconds 
========================================================================
Received Import Request.
  Time since last request: 10.518287 seconds.
  path: Assets/VFX/New VFX.vfx
  artifactKey: Guid(2cc6c83eb0d0e1541bcfdfc4a632fbef) Importer(815301076,1909f56bfc062723c751e8b465ee728b)
Start importing Assets/VFX/New VFX.vfx using Guid(2cc6c83eb0d0e1541bcfdfc4a632fbef) Importer(815301076,1909f56bfc062723c751e8b465ee728b)  -> (artifact id: '3568cd13976585de3064b6c4b1d84f29') in 0.004833 seconds 
========================================================================
Received Import Request.
  Time since last request: 14.861247 seconds.
  path: Assets/VFX/New VFX.vfx
  artifactKey: Guid(2cc6c83eb0d0e1541bcfdfc4a632fbef) Importer(815301076,1909f56bfc062723c751e8b465ee728b)
Start importing Assets/VFX/New VFX.vfx using Guid(2cc6c83eb0d0e1541bcfdfc4a632fbef) Importer(815301076,1909f56bfc062723c751e8b465ee728b)  -> (artifact id: '357e9c1ade61050897425b54d2777705') in 0.005878 seconds 
========================================================================
Received Import Request.
  Time since last request: 11.663984 seconds.
  path: Assets/VFX/New VFX.vfx
  artifactKey: Guid(2cc6c83eb0d0e1541bcfdfc4a632fbef) Importer(815301076,1909f56bfc062723c751e8b465ee728b)
Start importing Assets/VFX/New VFX.vfx using Guid(2cc6c83eb0d0e1541bcfdfc4a632fbef) Importer(815301076,1909f56bfc062723c751e8b465ee728b)  -> (artifact id: 'bf49edbd3b9bdfc0ff7360e8e06f92b7') in 0.005813 seconds 
========================================================================
Received Import Request.
  Time since last request: 112.817873 seconds.
  path: Assets/VFX/New VFX.vfx
  artifactKey: Guid(2cc6c83eb0d0e1541bcfdfc4a632fbef) Importer(815301076,1909f56bfc062723c751e8b465ee728b)
Start importing Assets/VFX/New VFX.vfx using Guid(2cc6c83eb0d0e1541bcfdfc4a632fbef) Importer(815301076,1909f56bfc062723c751e8b465ee728b)  -> (artifact id: '2c4a639b5bad393e82be15a2f9ffe1fd') in 0.005358 seconds 
========================================================================
Received Import Request.
  Time since last request: 13.808826 seconds.
  path: Assets/VFX/New VFX.vfx
  artifactKey: Guid(2cc6c83eb0d0e1541bcfdfc4a632fbef) Importer(815301076,1909f56bfc062723c751e8b465ee728b)
Start importing Assets/VFX/New VFX.vfx using Guid(2cc6c83eb0d0e1541bcfdfc4a632fbef) Importer(815301076,1909f56bfc062723c751e8b465ee728b)  -> (artifact id: '7d7100c3db6fa1a2fbedbf4cc036f946') in 0.004345 seconds 
========================================================================
Received Import Request.
  Time since last request: 65.571986 seconds.
  path: Assets/VFX/New VFX.vfx
  artifactKey: Guid(2cc6c83eb0d0e1541bcfdfc4a632fbef) Importer(815301076,1909f56bfc062723c751e8b465ee728b)
Start importing Assets/VFX/New VFX.vfx using Guid(2cc6c83eb0d0e1541bcfdfc4a632fbef) Importer(815301076,1909f56bfc062723c751e8b465ee728b)  -> (artifact id: 'fb39b9fa43c2d749d17adf75f8d287de') in 0.004625 seconds 
========================================================================
Received Import Request.
  Time since last request: 27.193866 seconds.
  path: Assets/VFX/Renderer
  artifactKey: Guid(57887afb533cc034b9fadbe600538282) Importer(815301076,1909f56bfc062723c751e8b465ee728b)
Start importing Assets/VFX/Renderer using Guid(57887afb533cc034b9fadbe600538282) Importer(815301076,1909f56bfc062723c751e8b465ee728b)  -> (artifact id: '2b33071ca957e14ff6b1386948fc97e5') in 0.011826 seconds 
========================================================================
Received Import Request.
  Time since last request: 1.387336 seconds.
  path: Assets/VFX/UniversalRenderPipelineAsset.asset
  artifactKey: Guid(d81ddb64d80da5243a1e7a23881ca8da) Importer(815301076,1909f56bfc062723c751e8b465ee728b)
Start importing Assets/VFX/UniversalRenderPipelineAsset.asset using Guid(d81ddb64d80da5243a1e7a23881ca8da) Importer(815301076,1909f56bfc062723c751e8b465ee728b)  -> (artifact id: 'b8abe76c42d6344793f3859540baaec7') in 0.018309 seconds 
========================================================================
Received Import Request.
  Time since last request: 63.481877 seconds.
  path: Assets/Renderer/UniversalRenderPipelineAsset_Renderer.asset
  artifactKey: Guid(cee7a05b04f62fd439c914a45cdc26c7) Importer(815301076,1909f56bfc062723c751e8b465ee728b)
Start importing Assets/Renderer/UniversalRenderPipelineAsset_Renderer.asset using Guid(cee7a05b04f62fd439c914a45cdc26c7) Importer(815301076,1909f56bfc062723c751e8b465ee728b)  -> (artifact id: 'd28432f394b6f69b1471b1424fb728af') in 0.009662 seconds 
========================================================================
Received Import Request.
  Time since last request: 125.448358 seconds.
  path: Assets/3rdParty/Kenney/TowerDefense/FBX format/tile_endRoundSpawn.fbx
  artifactKey: Guid(8a0b5339ac666f84f95ebb3bc8076192) Importer(815301076,1909f56bfc062723c751e8b465ee728b)
Start importing Assets/3rdParty/Kenney/TowerDefense/FBX format/tile_endRoundSpawn.fbx using Guid(8a0b5339ac666f84f95ebb3bc8076192) Importer(815301076,1909f56bfc062723c751e8b465ee728b)  -> (artifact id: '7e36c3c4b2205df0d0ef8d14c1c56305') in 0.122901 seconds 
